<?xml version="1.0" encoding="UTF-8" ?>
<testsuite failures="0" time="0.015" errors="0" skipped="0" tests="70" name="com.api.service.CucumberRunnerTest">
  <properties>
[...]
</properties>
  <testcase time="0" classname="Scenario: To verify the Get request response." name="Given I am calling GetUser request."/>
  <testcase time="0" classname="Scenario: To verify the Get request response." name="When I am calling request with url parameter &quot;1&quot;"/>
  <testcase time="0" classname="Scenario: To verify the Get request response." name="Then I fire the get request."/>
  <testcase time="0" classname="Scenario: To verify the Get request response." name="Then I should be able to see the get response userId=&quot;1&quot;"/>
  <testcase time="0" classname="Scenario: To verify the Get request response." name="Then I should be able to see the get response Id=&quot;1&quot;"/>
  <testcase time="0" classname="Scenario: To verify the Get request response." name="Then I should be able to see the get response title as a valid string"/>
  <testcase time="0" classname="Scenario: To verify the Get request response." name="Then I should be able to see the get response body as a valid string"/>
  <testcase time="0" classname="Scenario: To verify the Get request response." name="Scenario: To verify the Get request response."/>
  <testcase time="0" classname="Scenario: To verify the Get request response code." name="Given I am calling GetUser request."/>
  <testcase time="0.001" classname="Scenario: To verify the Get request response code." name="When I am calling request with url parameter &quot;1&quot;"/>
  <testcase time="0.001" classname="Scenario: To verify the Get request response code." name="Then I fire the get request."/>
  <testcase time="0" classname="Scenario: To verify the Get request response code." name="Then I should be able to see the response code as &quot;200&quot; Ok."/>
  <testcase time="0.001" classname="Scenario: To verify the Get request response code." name="Scenario: To verify the Get request response code."/>
  <testcase time="0" classname="Scenario: To verify the Get request response time." name="Given I am calling GetUser request."/>
  <testcase time="0.001" classname="Scenario: To verify the Get request response time." name="When I am calling request with url parameter &quot;1&quot;"/>
  <testcase time="0" classname="Scenario: To verify the Get request response time." name="Then I fire the get request."/>
  <testcase time="0" classname="Scenario: To verify the Get request response time." name="Then I should be able to get the response in &quot;5000&quot; milliSeconds."/>
  <testcase time="0.001" classname="Scenario: To verify the Get request response time." name="Scenario: To verify the Get request response time."/>
  <testcase time="0" classname="Scenario: To verify the Post request response." name="Given I am calling PostUser request."/>
  <testcase time="0" classname="Scenario: To verify the Post request response." name="Then I set title body and userId"/>
  <testcase time="0" classname="Scenario: To verify the Post request response." name="Then I fire the post request."/>
  <testcase time="0" classname="Scenario: To verify the Post request response." name="Then I should be able to see the post response userId=&quot;1&quot;"/>
  <testcase time="0" classname="Scenario: To verify the Post request response." name="Then I should be able to see the post response Id=&quot;101&quot;"/>
  <testcase time="0" classname="Scenario: To verify the Post request response." name="Then I should be able to see the post response title=&quot;foo&quot;"/>
  <testcase time="0" classname="Scenario: To verify the Post request response." name="Then I should be able to see the post response body=&quot;bar&quot;"/>
  <testcase time="0" classname="Scenario: To verify the Post request response." name="Scenario: To verify the Post request response."/>
  <testcase time="0" classname="Scenario: To verify the Post request response code." name="Given I am calling PostUser request."/>
  <testcase time="0" classname="Scenario: To verify the Post request response code." name="Then I set title body and userId"/>
  <testcase time="0" classname="Scenario: To verify the Post request response code." name="Then I fire the post request."/>
  <testcase time="0" classname="Scenario: To verify the Post request response code." name="Then I should be able to see the response code as &quot;201&quot; Ok."/>
  <testcase time="0.001" classname="Scenario: To verify the Post request response code." name="Scenario: To verify the Post request response code."/>
  <testcase time="0" classname="Scenario: To verify the Put request response." name="Given I am calling PutUser request."/>
  <testcase time="0" classname="Scenario: To verify the Put request response." name="When I am calling request with url parameter &quot;2&quot;"/>
  <testcase time="0" classname="Scenario: To verify the Put request response." name="Then I set title,body,id and userId for put request"/>
  <testcase time="0.001" classname="Scenario: To verify the Put request response." name="Then I fire the put request."/>
  <testcase time="0" classname="Scenario: To verify the Put request response." name="Then I should be able to see the post response userId=&quot;1&quot;"/>
  <testcase time="0" classname="Scenario: To verify the Put request response." name="Then I should be able to see the post response Id=&quot;2&quot;"/>
  <testcase time="0" classname="Scenario: To verify the Put request response." name="Then I should be able to see the post response title=&quot;foo&quot;"/>
  <testcase time="0" classname="Scenario: To verify the Put request response." name="Then I should be able to see the post response body=&quot;bar&quot;"/>
  <testcase time="0.001" classname="Scenario: To verify the Put request response." name="Scenario: To verify the Put request response."/>
  <testcase time="0" classname="Scenario: To verify the Put request response code." name="Given I am calling PutUser request."/>
  <testcase time="0" classname="Scenario: To verify the Put request response code." name="When I am calling request with url parameter &quot;2&quot;"/>
  <testcase time="0" classname="Scenario: To verify the Put request response code." name="Then I set title,body,id and userId for put request"/>
  <testcase time="0.001" classname="Scenario: To verify the Put request response code." name="Then I fire the put request."/>
  <testcase time="0.001" classname="Scenario: To verify the Put request response code." name="Then I should be able to see the response code as &quot;200&quot; Ok."/>
  <testcase time="0.001" classname="Scenario: To verify the Put request response code." name="Scenario: To verify the Put request response code."/>
  <testcase time="0" classname="Scenario: To verify the Patch request response" name="Given I am calling PatchUser request."/>
  <testcase time="0" classname="Scenario: To verify the Patch request response" name="When I am calling request with url parameter &quot;2&quot;"/>
  <testcase time="0" classname="Scenario: To verify the Patch request response" name="Then I set title: &quot;foo&quot; for put request"/>
  <testcase time="0" classname="Scenario: To verify the Patch request response" name="Then I fire patch request"/>
  <testcase time="0" classname="Scenario: To verify the Patch request response" name="Then I should be able to see the post response userId=&quot;1&quot;"/>
  <testcase time="0" classname="Scenario: To verify the Patch request response" name="Then I should be able to see the post response Id=&quot;2&quot;"/>
  <testcase time="0" classname="Scenario: To verify the Patch request response" name="Then I should be able to see the post response title=&quot;foo&quot;"/>
  <testcase time="0" classname="Scenario: To verify the Patch request response" name="Then I should be able to see the get response body as a valid string"/>
  <testcase time="0.002" classname="Scenario: To verify the Patch request response" name="Scenario: To verify the Patch request response"/>
  <testcase time="0" classname="Scenario: To verify the Patch request response code." name="Given I am calling PatchUser request."/>
  <testcase time="0" classname="Scenario: To verify the Patch request response code." name="When I am calling request with url parameter &quot;2&quot;"/>
  <testcase time="0" classname="Scenario: To verify the Patch request response code." name="Then I set title: &quot;foo&quot; for put request"/>
  <testcase time="0.001" classname="Scenario: To verify the Patch request response code." name="Then I fire patch request"/>
  <testcase time="0" classname="Scenario: To verify the Patch request response code." name="Then I should be able to see the response code as &quot;200&quot; Ok."/>
  <testcase time="0" classname="Scenario: To verify the Patch request response code." name="Scenario: To verify the Patch request response code."/>
  <testcase time="0" classname="Scenario: To verify the Delete request response" name="Given I am calling DeleteUser request"/>
  <testcase time="0" classname="Scenario: To verify the Delete request response" name="When I am calling request with url parameter &quot;2&quot;"/>
  <testcase time="0" classname="Scenario: To verify the Delete request response" name="Then I fire the Delete request"/>
  <testcase time="0" classname="Scenario: To verify the Delete request response" name="Then I should be able to see the response code as &quot;200&quot; Ok."/>
  <testcase time="0" classname="Scenario: To verify the Delete request response" name="Scenario: To verify the Delete request response"/>
  <testcase time="0" classname="Scenario: To verify the List request response" name="Given I am calling GetUser request."/>
  <testcase time="0" classname="Scenario: To verify the List request response" name="Then I fire the get request."/>
  <testcase time="0" classname="Scenario: To verify the List request response" name="Then I should be able to see the response code as &quot;200&quot; Ok."/>
  <testcase time="0.001" classname="Scenario: To verify the List request response" name="Scenario: To verify the List request response"/>
</testsuite>